<?xml version="1.0" encoding="UTF-8"?>
<!-- Generated by org.testng.reporters.JUnitReportReporter -->
<testsuite skipped="0" hostname="BNGLT-9V9P882" name="com.qa.testcases.NewTest" tests="2" failures="0" timestamp="06 May 2019 14:26:50 GMT" time="19.002" errors="0">
  <testcase name="inputsearch" time="16.134" classname="com.qa.testcases.NewTest"/>
  <testcase name="propertydetails" time="2.868" classname="com.qa.testcases.NewTest"/>
</testsuite> <!-- com.qa.testcases.NewTest -->
