<?xml version="1.0" encoding="UTF-8"?>
<!-- Generated by org.testng.reporters.JUnitReportReporter -->
<testsuite skipped="0" hostname="BNGLT-9V9P882" name="ScreenRecorder.MyTestDemo" tests="1" failures="0" timestamp="03 Jun 2019 11:24:43 GMT" time="53.479" errors="0">
  <testcase name="navigationTest" time="53.479" classname="ScreenRecorder.MyTestDemo"/>
</testsuite> <!-- ScreenRecorder.MyTestDemo -->
