<?xml version="1.0" encoding="UTF-8"?>
<!-- Generated by org.testng.reporters.JUnitReportReporter -->
<testsuite skipped="0" hostname="BNGLT-9V9P882" name="com.qa.practices.GmailPracticeTest" tests="3" failures="0" timestamp="14 May 2019 16:41:27 GMT" time="26.547" errors="0">
  <testcase name="gmailLogin" time="6.740" classname="com.qa.practices.GmailPracticeTest"/>
  <testcase name="verifyprimary" time="19.123" classname="com.qa.practices.GmailPracticeTest"/>
  <testcase name="TotalMails" time="0.684" classname="com.qa.practices.GmailPracticeTest"/>
</testsuite> <!-- com.qa.practices.GmailPracticeTest -->
