<?xml version="1.0" encoding="UTF-8"?>
<!-- Generated by org.testng.reporters.JUnitReportReporter -->
<testsuite skipped="1" hostname="BNGLT-9V9P882" name="com.qa.TestDataDriven.DataProvider_ExceMultiple" tests="1" failures="0" timestamp="15 Apr 2019 08:21:19 GMT" time="0.000" errors="0">
  <testcase name="loginTest" time="0.000" classname="com.qa.TestDataDriven.DataProvider_ExceMultiple">
    <skipped/>
  </testcase> <!-- loginTest -->
</testsuite> <!-- com.qa.TestDataDriven.DataProvider_ExceMultiple -->
