<?xml version="1.0" encoding="UTF-8"?>
<!-- Generated by org.testng.reporters.JUnitReportReporter -->
<testsuite skipped="0" hostname="BNGLT-9V9P882" name="com.qa.Maps.FreeCRMTest" tests="1" failures="0" timestamp="16 May 2019 10:58:22 GMT" time="35.683" errors="0">
  <testcase name="loginwithAdminTest" time="35.683" classname="com.qa.Maps.FreeCRMTest"/>
</testsuite> <!-- com.qa.Maps.FreeCRMTest -->
