<?xml version="1.0" encoding="UTF-8"?>
<!-- Generated by org.testng.reporters.JUnitReportReporter -->
<testsuite skipped="0" hostname="BNGLT-9V9P882" name="com.qa.pages.IncognitoLaunch" tests="1" failures="0" timestamp="08 May 2019 08:07:19 GMT" time="0.011" errors="0">
  <testcase name="testcase" time="0.011" classname="com.qa.pages.IncognitoLaunch"/>
</testsuite> <!-- com.qa.pages.IncognitoLaunch -->
