<?xml version="1.0" encoding="UTF-8"?>
<!-- Generated by org.testng.reporters.JUnitReportReporter -->
<testsuite skipped="0" hostname="BNGLT-9V9P882" name="com.qa.testcases.DataProviderClass" tests="2" failures="0" timestamp="12 Apr 2019 16:34:50 GMT" time="41.048" errors="0">
  <testcase name="loginTest" time="20.080" classname="com.qa.testcases.DataProviderClass"/>
  <testcase name="loginTest" time="20.968" classname="com.qa.testcases.DataProviderClass"/>
</testsuite> <!-- com.qa.testcases.DataProviderClass -->
