<?xml version="1.0" encoding="UTF-8"?>
<!-- Generated by org.testng.reporters.JUnitReportReporter -->
<testsuite skipped="0" hostname="BNGLT-9V9P882" name="com.qa.Maps.MakeMyTripTest" tests="1" failures="0" timestamp="16 May 2019 12:49:40 GMT" time="31.352" errors="0">
  <testcase name="calendarselect" time="31.352" classname="com.qa.Maps.MakeMyTripTest"/>
</testsuite> <!-- com.qa.Maps.MakeMyTripTest -->
