<?xml version="1.0" encoding="UTF-8"?>
<!-- Generated by org.testng.reporters.JUnitReportReporter -->
<testsuite skipped="0" hostname="BNGLT-9V9P882" name="com.qa.TestDataDriven.DataProvider_ExcelDrive" tests="2" failures="0" timestamp="15 Apr 2019 08:28:11 GMT" time="40.667" errors="0">
  <testcase name="loginTest" time="20.554" classname="com.qa.TestDataDriven.DataProvider_ExcelDrive"/>
  <testcase name="loginTest" time="20.113" classname="com.qa.TestDataDriven.DataProvider_ExcelDrive"/>
</testsuite> <!-- com.qa.TestDataDriven.DataProvider_ExcelDrive -->
