<?xml version="1.0" encoding="UTF-8"?>
<!-- Generated by org.testng.reporters.JUnitReportReporter -->
<testsuite skipped="0" hostname="BNGLT-9V9P882" name="com.qa.testcases.Flipcart_CartValidation" tests="1" failures="0" timestamp="06 May 2019 09:42:27 GMT" time="8.734" errors="0">
  <testcase name="cart" time="8.734" classname="com.qa.testcases.Flipcart_CartValidation"/>
</testsuite> <!-- com.qa.testcases.Flipcart_CartValidation -->
