<?xml version="1.0" encoding="UTF-8"?>
<!-- Generated by org.testng.reporters.JUnitReportReporter -->
<testsuite skipped="0" hostname="BNGLT-9V9P882" name="com.qa.practices.TestCase2" tests="1" failures="0" timestamp="22 Apr 2019 09:07:01 GMT" time="0.010" errors="0">
  <testcase name="testMethod2" time="0.010" classname="com.qa.practices.TestCase2"/>
</testsuite> <!-- com.qa.practices.TestCase2 -->
