<?xml version="1.0" encoding="UTF-8"?>
<!-- Generated by org.testng.reporters.JUnitReportReporter -->
<testsuite skipped="0" hostname="BNGLT-9V9P882" name="com.qa.practices.SSLCertifcate" tests="1" failures="0" timestamp="22 Apr 2019 12:31:23 GMT" time="2.565" errors="0">
  <testcase name="openApplication" time="2.565" classname="com.qa.practices.SSLCertifcate"/>
</testsuite> <!-- com.qa.practices.SSLCertifcate -->
